
Chromatic CLI v7.6.0
https://www.chromatic.com/docs/cli

Authenticating with Chromatic
    → Connecting to https://index.chromatic.com
Authenticated with Chromatic
    → Using project token '****************cbe5'
Retrieving git information
Retrieved git information
    → Commit '65b0f8f' on branch 'main'; no ancestor found
Collecting Storybook metadata
Collected Storybook metadata
    → Storybook 7.5.2 for Vue3; using the @storybook/vue3-vite builder (7.5.2); supported addons found: Links, Essentials, Interactions, A11y
Initializing build
Initialized build
    → Build 4 initialized
Building your Storybook
    → Running command: yarn run build-storybook --output-dir /var/folders/25/sdyh0wgn047dpc1qbbw6rmgh0000gn/T/chromatic--68102-fdycX7jWw8Ct
Storybook built in 16 seconds
    → View build log at /Users/christianquiros/Documents/TFS/particular/storybook-practice/taskbox/build-storybook.log
Publish your built Storybook
    → Validating Storybook files
Publishing your built Storybook
    → Retrieving target location
    → Starting publish
    → [                    ] 0%
    → [=                   ] 5%
    → [=                   ] 7%
    → [==                  ] 8%
    → [==                  ] 9%
    → [==                  ] 10%
    → [==                  ] 12%
    → [===                 ] 13%
    → [===                 ] 15%
    → [===                 ] 16%
    → [===                 ] 17%
    → [====                ] 20%
    → [====                ] 21%
    → [====                ] 22%
    → [=====               ] 24%
    → [=====               ] 25%
    → [=====               ] 26%
    → [======              ] 28%
    → [======              ] 29%
    → [======              ] 31%
    → [=======             ] 33%
    → [=======             ] 35%
    → [=======             ] 36%
    → [=======             ] 37%
    → [========            ] 38%
    → [========            ] 40%
    → [========            ] 42%
    → [=========           ] 43%
    → [=========           ] 45%
    → [=========           ] 46%
    → [=========           ] 47%
    → [==========          ] 48%
    → [==========          ] 49%
    → [==========          ] 52%
    → [===========         ] 53%
    → [===========         ] 54%
    → [===========         ] 55%
    → [===========         ] 56%
    → [===========         ] 57%
    → [============        ] 58%
    → [============        ] 59%
    → [============        ] 60%
    → [============        ] 61%
    → [============        ] 62%
    → [=============       ] 63%
    → [=============       ] 64%
    → [=============       ] 65%
    → [=============       ] 66%
    → [=============       ] 67%
    → [==============      ] 68%
    → [==============      ] 70%
    → [==============      ] 71%
    → [==============      ] 72%
    → [===============     ] 73%
    → [===============     ] 74%
    → [===============     ] 75%
    → [===============     ] 76%
    → [===============     ] 77%
    → [================    ] 78%
    → [================    ] 80%
    → [================    ] 82%
    → [=================   ] 84%
    → [=================   ] 85%
    → [=================   ] 86%
    → [=================   ] 87%
    → [==================  ] 88%
    → [==================  ] 89%
    → [==================  ] 90%
    → [==================  ] 91%
    → [==================  ] 92%
    → [=================== ] 93%
    → [=================== ] 94%
    → [=================== ] 96%
    → [=================== ] 97%
    → [====================] 98%
    → [====================] 99%
    → [====================] 100%
Publish complete in 24 seconds
    → View your Storybook at https://6541f87d632eb23ca7aafa6d-hdjydcygfi.chromatic.com
Verifying your Storybook
    → This may take a few minutes
Started build 4
    → View build details at https://www.chromatic.com/build?appId=6541f87d632eb23ca7aafa6d&number=4
Running 10 tests
    → This may take a few minutes
ℹ Speed up Continuous Integration
Your project is linked to GitHub so Chromatic will report results there.
This means you can pass the --exit-once-uploaded flag to skip waiting for build results.
Read more here: https://www.chromatic.com/docs/cli#chromatic-options
    → [==                  ] 1/10  PureInboxScreen › Default 
    → [====                ] 2/10  PureInboxScreen › Error 
    → [======              ] 3/10  PureInboxScreen › With Interactions 
    → [========            ] 4/10  PureTaskList › Default 
    → [==========          ] 5/10  PureTaskList › With Pinned Tasks 
    → [==============      ] 7/10  PureTaskList › Empty 
    → [================    ] 8/10  Task › Default 
    → [==================  ] 9/10  Task › Pinned 
✖ Found 10 visual changes: Review the changes at https://www.chromatic.com/build?appId=6541f87d632eb23ca7aafa6d&number=4

ℹ For CI/CD use cases, this command failed with exit code 1
Pass --exit-zero-on-changes to succeed this command regardless of changes.
Pass --auto-accept-changes to succeed and automatically accept any changes.
Build 4 completed
    → Tested 10 stories across 3 components; captured 10 snapshots in 33 seconds


